13714
5260
4570
4330
4580
4468
4414
4355
4623
4401
4409
4353
4404
4345
4407
4352
4403
4346
4504
4353
4512
4352
4512
4354
4815
4346
4416
4348
4390
4349
4404
4344
4407
4347
4389
4346
4402
4352
4590
4352
4574
4445
4396
4352
4408
4353
4409
4346
4385
4299
4358
4297
4339
4300
4350
4301
4367
4304
4340
4300
4351
4339
4356
4362
10460
4657
4815
4315
4506
4317
4455
4320
4449
4366
4461
4314
4458
4321
4454
4315
4483
4320
4455
4315
4459
4315
4496
4317
4466
4319
4466
4315
4456
4319
4459
4319
4455
4319
4524
4320
4456
4314
4457
4314
4455
4413
4474
4321
4462
4318
4463
4346
4460
4315
4478
4321
4623
4321
4466
4313
4485
4320
4456
4314
4455
4357
4454
4352
10106
4582
4550
4346
4510
4347
4488
4349
4485
4394
4559
4349
4520
4348
4480
37909
4723
4380
