9308 9308
[+] Target binary mmpaped to 0xb59fb000
[+] Finished spying...
14303
5308
4759
4659
4845
4462
4590
4437
4585
4432
4591
4432
4591
4431
4586
4432
4589
4435
4608
4426
4669
4432
4612
4441
4730
4437
4585
4433
4598
4431
4591
4429
4589
4410
4562
4408
4563
4408
4574
4408
4556
4432
4591
4408
4565
4407
4570
4409
4571
4411
4568
4408
4563
4407
4565
4408
4564
4412
4561
4402
4557
4455
4564
4486
10620
4688
4548
4417
4406
4428
4447
4427
4434
4425
4448
4418
4548
4418
4572
4422
4532
4425
4461
4417
4447
4418
4445
4424
4431
4422
4449
4421
4422
4419
4557
4417
4568
4428
4418
4421
4444
4418
4430
4418
4435
4425
4449
4429
4447
4424
4449
4418
4547
4418
4581
4421
4470
4424
4434
4422
4425
4424
4438
4419
4620
4472
4551
4476
9824
4659
4585
4413
4524
4411
4424
4420
4438
4411
4455
4420
34931
4678
4487
4463
4597
4470
