12712
460
359
212
848
213
895
212
310
210
328
192
847
187
847
208
373
197
355
208
868
188
893
188
468
188
328
190
210
634
470
188
428
163
750
166
162
166
167
163
398
259
1174
166
261
169
212
166
162
166
826
422
306
166
331
166
822
213
209
212
215
236
162
272
9378
286
788
151
783
152
832
146
763
151
789
130
454
150
457
149
388
165
156
147
409
129
456
150
408
129
760
153
151
647
457
153
407
128
1229
176
153
151
149
153
155
249
859
172
763
152
806
388
834
155
810
436
764
146
410
132
782
198
178
197
173
221
153
214
8665
154
832
149
833
150
830
150
830
151
857
151
452
150
385
128
461
161
