12092
279
1359
199
382
206
382
252
931
230
355
208
329
206
354
252
506
205
983
208
984
206
332
206
407
202
931
202
980
202
881
209
391
203
379
210
407
199
983
204
330
209
404
206
376
209
379
205
980
200
435
204
382
205
959
209
958
203
1055
208
377
258
531
326
9413
269
856
153
878
158
879
181
834
180
859
156
934
153
835
184
857
151
881
156
931
155
909
156
853
131
860
131
898
128
937
150
990
134
856
156
860
153
859
128
878
128
856
149
857
162
856
128
928
153
962
156
857
125
903
158
881
152
1182
126
860
200
880
228
9026
143
909
152
859
153
903
180
835
180
906
156
937
154
1027
180
859
152
